<?xml version="1.0" encoding="UTF-8"?>
<beans xmlns="http://www.springframework.org/schema/beans"
       xmlns:xsi="http://www.w3.org/2001/XMLSchema-instance"
       xmlns:aop="http://www.springframework.org/schema/aop"
       xmlns:tx="http://www.springframework.org/schema/tx"
       xsi:schemaLocation="http://www.springframework.org/schema/beans
       http://www.springframework.org/schema/beans/spring-beans.xsd
       http://www.springframework.org/schema/aop
       http://www.springframework.org/schema/aop/spring-aop-3.0.xsd
       http://www.springframework.org/schema/tx
       http://www.springframework.org/schema/tx/spring-tx-2.5.xsd
">

    <!-- Home -->
<!--    <bean id="dataSource"-->
<!--          class="org.springframework.jdbc.datasource.SimpleDriverDataSource">-->
<!--        <property name="driverClass" value="org.postgresql.Driver" />-->
<!--        <property name="url" value="jdbc:postgresql://localhost:5432/springtest" />-->
<!--        <property name="username" value="dcun" />-->
<!--        <property name="password" value="1234" />-->
<!--    </bean>-->

    <!-- Company -->
    <bean id="dataSource"
          class="org.springframework.jdbc.datasource.SimpleDriverDataSource">
        <property name="driverClass" value="org.postgresql.Driver" />
        <property name="url" value="jdbc:postgresql://localhost:5432/springbootdb" />
        <property name="username" value="postgres" />
        <property name="password" value="1234" />
    </bean>

    <bean id="transactionManager" class="org.springframework.jdbc.datasource.DataSourceTransactionManager">
        <property name="dataSource" ref="dataSource" />
    </bean>

    <bean id="transactionAdvice" class="TransactionAdvice">
        <property name="transactionManager" ref="transactionManager" />
    </bean>

    <bean id="transactionPointcut" class="org.springframework.aop.aspectj.AspectJExpressionPointcut">
        <property name="expression" value="execution(* *..ServiceImpl.upgrade*(..))" />
    </bean>

    <bean id="transactionAdvisor" class="org.springframework.aop.support.DefaultPointcutAdvisor">
        <property name="advice" ref="transactionAdvice" />
        <property name="pointcut" ref="transactionPointcut" />
    </bean>

    <bean class="org.springframework.aop.framework.autoproxy.DefaultAdvisorAutoProxyCreator" />

    <bean id="userService" class="UserServiceImpl">
        <property name="userDao" ref="userDao" />
    </bean>

    <bean id="userDao" class="UserDao">
        <property name="dataSource" ref="dataSource" />
    </bean>

    <bean id="testUserService" class="UserServiceImpl$TestUserService" parent="userService" />

    <aop:config>
        <aop:advisor advice-ref="transactionAdvice" pointcut="bean(*Service)" />
    </aop:config>

    <tx:advice id="transactionAdvice">
        <tx:attributes>
            <tx:method name="get*" read-only="true" />
            <tx:method name="*" />
        </tx:attributes>
    </tx:advice>

</beans>