<?xml version="1.0" encoding="UTF-8"?>
<beans xmlns="http://www.springframework.org/schema/beans"
       xmlns:xsi="http://www.w3.org/2001/XMLSchema-instance"
       xsi:schemaLocation="http://www.springframework.org/schema/beans http://www.springframework.org/schema/beans/spring-beans.xsd">

    <!-- Home -->
<!--    <bean id="dataSource"-->
<!--          class="org.springframework.jdbc.datasource.SimpleDriverDataSource">-->
<!--        <property name="driverClass" value="org.postgresql.Driver" />-->
<!--        <property name="url" value="jdbc:postgresql://localhost:5432/springtest" />-->
<!--        <property name="username" value="dcun" />-->
<!--        <property name="password" value="1234" />-->
<!--    </bean>-->

    <!-- Company -->
    <bean id="dataSource"
          class="org.springframework.jdbc.datasource.SimpleDriverDataSource">
        <property name="driverClass" value="org.postgresql.Driver" />
        <property name="url" value="jdbc:postgresql://localhost:5432/springbootdb" />
        <property name="username" value="postgres" />
        <property name="password" value="1234" />
    </bean>

    <bean id="userService" class="UserService">
        <property name="userDao" ref="userDao" />
        <property name="transactionManager" ref="transactionManager" />
    </bean>

    <bean id="transactionManager" class="org.springframework.jdbc.datasource.DataSourceTransactionManager">
        <property name="dataSource" ref="dataSource" />
    </bean>

    <bean id="userDao" class="UserDao">
        <property name="dataSource" ref="dataSource" />
    </bean>

</beans>