<?xml version="1.0" encoding="UTF-8"?>
<beans xmlns="http://www.springframework.org/schema/beans"
       xmlns:xsi="http://www.w3.org/2001/XMLSchema-instance"
       xmlns:aop="http://www.springframework.org/schema/aop"
       xsi:schemaLocation="http://www.springframework.org/schema/beans
        http://www.springframework.org/schema/beans/spring-beans.xsd
        http://www.springframework.org/schema/aop
        http://www.springframework.org/schema/aop/spring-aop-3.0.xsd">

    <!-- Home -->
<!--    <bean id="dataSource"-->
<!--          class="org.springframework.jdbc.datasource.SimpleDriverDataSource">-->
<!--        <property name="driverClass" value="org.postgresql.Driver" />-->
<!--        <property name="url" value="jdbc:postgresql://localhost:5432/springtest" />-->
<!--        <property name="username" value="dcun" />-->
<!--        <property name="password" value="1234" />-->
<!--    </bean>-->

    <!-- Company -->
    <bean id="dataSource"
          class="org.springframework.jdbc.datasource.SimpleDriverDataSource">
        <property name="driverClass" value="org.postgresql.Driver" />
        <property name="url" value="jdbc:postgresql://localhost:5432/springbootdb" />
        <property name="username" value="postgres" />
        <property name="password" value="1234" />
    </bean>

    <bean id="transactionManager" class="org.springframework.jdbc.datasource.DataSourceTransactionManager">
        <property name="dataSource" ref="dataSource" />
    </bean>

    <bean id="transactionAdvice" class="TransactionAdvice">
        <property name="transactionManager" ref="transactionManager" />
    </bean>

    <bean id="transactionPointcut" class="org.springframework.aop.aspectj.AspectJExpressionPointcut">
        <property name="expression" value="execution(* *..ServiceImpl.upgrade*(..))" />
    </bean>

    <bean id="transactionAdvisor" class="org.springframework.aop.support.DefaultPointcutAdvisor">
        <property name="advice" ref="transactionAdvice" />
        <property name="pointcut" ref="transactionPointcut" />
    </bean>

    <bean class="org.springframework.aop.framework.autoproxy.DefaultAdvisorAutoProxyCreator" />

<!--    <bean id="userService" class="org.springframework.aop.framework.ProxyFactoryBean">-->
<!--        <property name="target" ref="userServiceImpl" />-->
<!--        <property name="interceptorNames">-->
<!--            <list>-->
<!--                <value>transactionAdvisor</value>-->
<!--            </list>-->
<!--        </property>-->
<!--    </bean>-->

<!--    <bean id="userService" class="TxProxyFactoryBean">-->
<!--        <property name="target" ref="userServiceImpl" />-->
<!--        <property name="transactionManager" ref="transactionManager" />-->
<!--        &lt;!&ndash; pattern value에 값을 지정하지않을경우 해당 클래스에 있는 모든 메소드는 트랜잭션을 타게됨 &ndash;&gt;-->
<!--        <property name="pattern" value="upgradeLevels" />-->
<!--        <property name="serviceInterface" value="UserService" />-->
<!--    </bean>-->

    <bean id="userService" class="UserServiceImpl">
        <property name="userDao" ref="userDao" />
    </bean>

    <bean id="userDao" class="UserDao">
        <property name="dataSource" ref="dataSource" />
    </bean>

    <bean id="testUserService" class="UserServiceImpl$TestUserServiceImpl" parent="userService" />

</beans>